<?xml version="1.0" encoding="UTF-8"?>
<!-- Generated by org.testng.reporters.JUnitReportReporter -->
<testsuite skipped="0" hostname="vprybeha-w7" name="TestClass" tests="1" failures="0" timestamp="17 Dec 2018 14:57:35 GMT" time="10.737" errors="0">
  <testcase name="firsttest" time="10.737" classname="TestClass"/>
</testsuite> <!-- TestClass -->
