<?xml version="1.0" encoding="UTF-8"?>
<!-- Generated by org.testng.reporters.JUnitReportReporter -->
<testsuite skipped="0" hostname="vprybeha-w7" name="TestClass" tests="2" failures="0" timestamp="28 Dec 2018 12:53:15 GMT" time="32.775" errors="0">
  <testcase name="secondtest" time="11.180" classname="TestClass"/>
  <testcase name="firsttest" time="21.595" classname="TestClass"/>
</testsuite> <!-- TestClass -->
