<?xml version="1.0" encoding="UTF-8"?>
<!-- Generated by org.testng.reporters.JUnitReportReporter -->
<testsuite skipped="0" hostname="vprybeha-w10" name="UnitClassSet.StaticPages.test_MainPage" tests="3" failures="0" timestamp="14 Feb 2019 16:13:11 GMT" time="38.427" errors="0">
  <testcase name="MainPage_Title" time="8.895" classname="UnitClassSet.StaticPages.test_MainPage"/>
  <testcase name="MainPage_UpperSeriesOneLogoButton" time="8.523" classname="UnitClassSet.StaticPages.test_MainPage"/>
  <testcase name="MainPage_HeaderButtons" time="21.009" classname="UnitClassSet.StaticPages.test_MainPage"/>
</testsuite> <!-- UnitClassSet.StaticPages.test_MainPage -->
