<?xml version="1.0" encoding="UTF-8"?>
<!-- Generated by org.testng.reporters.JUnitReportReporter -->
<testsuite skipped="0" hostname="vprybeha-w10" name="TestClass" tests="1" failures="0" timestamp="14 Feb 2019 12:51:56 GMT" time="9.973" errors="0">
  <testcase name="Secondtest" time="9.973" classname="TestClass"/>
</testsuite> <!-- TestClass -->
